Configuring Crypto-4.2.5.1...
Building Crypto-4.2.5.1...
Preprocessing library Crypto-4.2.5.1...
[ 1 of 26] Compiling Data.LargeWord   ( Data/LargeWord.hs, .stack-work/dist/x86_64-osx/Cabal-1.24.2.0/build/Data/LargeWord.o )

Data/LargeWord.hs:46:19: warning: [-Wdeprecations]
    In the use of ‘bitSize’ (imported from Data.Bits):
    Deprecated: "Use 'bitSizeMaybe' or 'finiteBitSize' instead"

Data/LargeWord.hs:58:19: warning: [-Wdeprecations]
    In the use of ‘bitSize’ (imported from Data.Bits):
    Deprecated: "Use 'bitSizeMaybe' or 'finiteBitSize' instead"

Data/LargeWord.hs:68:38: warning: [-Wdeprecations]
    In the use of ‘bitSize’ (imported from Data.Bits):
    Deprecated: "Use 'bitSizeMaybe' or 'finiteBitSize' instead"

Data/LargeWord.hs:70:39: warning: [-Wdeprecations]
    In the use of ‘bitSize’ (imported from Data.Bits):
    Deprecated: "Use 'bitSizeMaybe' or 'finiteBitSize' instead"

Data/LargeWord.hs:91:13: warning: [-Wdeprecations]
    In the use of ‘bitSize’ (imported from Data.Bits):
    Deprecated: "Use 'bitSizeMaybe' or 'finiteBitSize' instead"

Data/LargeWord.hs:91:26: warning: [-Wdeprecations]
    In the use of ‘bitSize’ (imported from Data.Bits):
    Deprecated: "Use 'bitSizeMaybe' or 'finiteBitSize' instead"

Data/LargeWord.hs:93:66: warning: [-Wdeprecations]
    In the use of ‘bitSize’ (imported from Data.Bits):
    Deprecated: "Use 'bitSizeMaybe' or 'finiteBitSize' instead"

Data/LargeWord.hs:95:66: warning: [-Wdeprecations]
    In the use of ‘bitSize’ (imported from Data.Bits):
    Deprecated: "Use 'bitSizeMaybe' or 'finiteBitSize' instead"

Data/LargeWord.hs:102:10: warning: [-Wmissing-methods]
    • No explicit implementation for
        ‘*’, ‘abs’, ‘signum’, and (either ‘negate’ or ‘-’)
    • In the instance declaration for ‘Num (LargeKey a b)’

Data/LargeWord.hs:109:10: warning: [-Wmissing-methods]
    • No explicit implementation for
        ‘complement’, (either ‘rotate’ or (‘rotateL’ and ‘rotateR’)),
        ‘bitSizeMaybe’, ‘isSigned’, ‘testBit’, ‘bit’, and ‘popCount’
    • In the instance declaration for ‘Bits (LargeKey a b)’

Data/LargeWord.hs:133:10: warning: [-Wmissing-methods]
    • No explicit implementation for
        ‘quotRem’
    • In the instance declaration for ‘Integral (LargeKey a b)’

Data/LargeWord.hs:137:10: warning: [-Wmissing-methods]
    • No explicit implementation for
        ‘toRational’
    • In the instance declaration for ‘Real (LargeKey a b)’

Data/LargeWord.hs:140:10: warning: [-Wmissing-methods]
    • No explicit implementation for
        ‘toEnum’ and ‘fromEnum’
    • In the instance declaration for ‘Enum (LargeKey a b)’
[ 2 of 26] Compiling Data.Digest.SHA2 ( Data/Digest/SHA2.hs, .stack-work/dist/x86_64-osx/Cabal-1.24.2.0/build/Data/Digest/SHA2.o )

Data/Digest/SHA2.hs:88:35: warning: [-Wdeprecations]
    In the use of ‘bitSize’ (imported from Data.Bits):
    Deprecated: "Use 'bitSizeMaybe' or 'finiteBitSize' instead"

Data/Digest/SHA2.hs:89:39: warning: [-Wdeprecations]
    In the use of ‘bitSize’ (imported from Data.Bits):
    Deprecated: "Use 'bitSizeMaybe' or 'finiteBitSize' instead"

Data/Digest/SHA2.hs:92:10: warning: [-Wdeprecations]
    In the use of ‘bitSize’ (imported from Data.Bits):
    Deprecated: "Use 'bitSizeMaybe' or 'finiteBitSize' instead"

Data/Digest/SHA2.hs:97:11: warning: [-Wdeprecations]
    In the use of ‘bitSize’ (imported from Data.Bits):
    Deprecated: "Use 'bitSizeMaybe' or 'finiteBitSize' instead"

Data/Digest/SHA2.hs:99:51: warning: [-Wdeprecations]
    In the use of ‘bitSize’ (imported from Data.Bits):
    Deprecated: "Use 'bitSizeMaybe' or 'finiteBitSize' instead"

Data/Digest/SHA2.hs:142:26: warning: [-Wdeprecations]
    In the use of ‘bitSize’ (imported from Data.Bits):
    Deprecated: "Use 'bitSizeMaybe' or 'finiteBitSize' instead"

Data/Digest/SHA2.hs:147:12: warning: [-Wdeprecations]
    In the use of ‘bitSize’ (imported from Data.Bits):
    Deprecated: "Use 'bitSizeMaybe' or 'finiteBitSize' instead"
[ 3 of 26] Compiling Data.Digest.MD5Aux ( Data/Digest/MD5Aux.hs, .stack-work/dist/x86_64-osx/Cabal-1.24.2.0/build/Data/Digest/MD5Aux.o )

Data/Digest/MD5Aux.hs:107:10: warning: [-Wmissing-methods]
    • No explicit implementation for
        ‘*’, ‘abs’, ‘signum’, ‘fromInteger’, and (either ‘negate’ or ‘-’)
    • In the instance declaration for ‘Num ABCD’
[ 4 of 26] Compiling Codec.Utils      ( Codec/Utils.hs, .stack-work/dist/x86_64-osx/Cabal-1.24.2.0/build/Codec/Utils.o )

Codec/Utils.hs:24:1: warning: [-Wtabs]
    Tab character found here, and in two further locations.
    Please use spaces instead.

Codec/Utils.hs:65:13: warning: [-Wdeprecations]
    In the use of ‘bitSize’ (imported from Data.Bits):
    Deprecated: "Use 'bitSizeMaybe' or 'finiteBitSize' instead"

Codec/Utils.hs:74:7: warning: [-Wdeprecations]
    In the use of ‘bitSize’ (imported from Data.Bits):
    Deprecated: "Use 'bitSizeMaybe' or 'finiteBitSize' instead"

Codec/Utils.hs:93:13: warning: [-Wdeprecations]
    In the use of ‘bitSize’ (imported from Data.Bits):
    Deprecated: "Use 'bitSizeMaybe' or 'finiteBitSize' instead"
[ 5 of 26] Compiling Data.Digest.MD5  ( Data/Digest/MD5.hs, .stack-work/dist/x86_64-osx/Cabal-1.24.2.0/build/Data/Digest/MD5.o )

Data/Digest/MD5.hs:41:1: warning: [-Wtabs]
    Tab character found here.
    Please use spaces instead.
[ 6 of 26] Compiling Data.Digest.SHA1 ( Data/Digest/SHA1.hs, .stack-work/dist/x86_64-osx/Cabal-1.24.2.0/build/Data/Digest/SHA1.o )
[ 7 of 26] Compiling Data.Digest.SHA224 ( Data/Digest/SHA224.hs, .stack-work/dist/x86_64-osx/Cabal-1.24.2.0/build/Data/Digest/SHA224.o )
[ 8 of 26] Compiling Data.Digest.SHA256 ( Data/Digest/SHA256.hs, .stack-work/dist/x86_64-osx/Cabal-1.24.2.0/build/Data/Digest/SHA256.o )
[ 9 of 26] Compiling Data.Digest.SHA384 ( Data/Digest/SHA384.hs, .stack-work/dist/x86_64-osx/Cabal-1.24.2.0/build/Data/Digest/SHA384.o )
[10 of 26] Compiling Data.Digest.SHA512 ( Data/Digest/SHA512.hs, .stack-work/dist/x86_64-osx/Cabal-1.24.2.0/build/Data/Digest/SHA512.o )
[11 of 26] Compiling Data.HMAC        ( Data/HMAC.hs, .stack-work/dist/x86_64-osx/Cabal-1.24.2.0/build/Data/HMAC.o )

Data/HMAC.hs:108:45: warning: [-Wdeprecations]
    In the use of ‘bitSize’ (imported from Data.Bits):
    Deprecated: "Use 'bitSizeMaybe' or 'finiteBitSize' instead"

Data/HMAC.hs:118:28: warning: [-Wdeprecations]
    In the use of ‘bitSize’ (imported from Data.Bits):
    Deprecated: "Use 'bitSizeMaybe' or 'finiteBitSize' instead"
[12 of 26] Compiling Codec.Text.Raw   ( Codec/Text/Raw.hs, .stack-work/dist/x86_64-osx/Cabal-1.24.2.0/build/Codec/Text/Raw.o )
[13 of 26] Compiling Codec.Encryption.TEA ( Codec/Encryption/TEA.hs, .stack-work/dist/x86_64-osx/Cabal-1.24.2.0/build/Codec/Encryption/TEA.o )
[14 of 26] Compiling Codec.Encryption.RSA.NumberTheory ( Codec/Encryption/RSA/NumberTheory.hs, .stack-work/dist/x86_64-osx/Cabal-1.24.2.0/build/Codec/Encryption/RSA/NumberTheory.o )

Codec/Encryption/RSA/NumberTheory.hs:57:1: warning: [-Wtabs]
    Tab character found here, and in one further location.
    Please use spaces instead.
[15 of 26] Compiling Codec.Encryption.RSA.MGF ( Codec/Encryption/RSA/MGF.hs, .stack-work/dist/x86_64-osx/Cabal-1.24.2.0/build/Codec/Encryption/RSA/MGF.o )

Codec/Encryption/RSA/MGF.hs:32:1: warning: [-Wtabs]
    Tab character found here.
    Please use spaces instead.
[16 of 26] Compiling Codec.Encryption.RSA.EMEOAEP ( Codec/Encryption/RSA/EMEOAEP.hs, .stack-work/dist/x86_64-osx/Cabal-1.24.2.0/build/Codec/Encryption/RSA/EMEOAEP.o )

Codec/Encryption/RSA/EMEOAEP.hs:52:1: warning: [-Wtabs]
    Tab character found here, and in three further locations.
    Please use spaces instead.
[17 of 26] Compiling Codec.Encryption.RSA ( Codec/Encryption/RSA.hs, .stack-work/dist/x86_64-osx/Cabal-1.24.2.0/build/Codec/Encryption/RSA.o )
[18 of 26] Compiling Codec.Encryption.Padding ( Codec/Encryption/Padding.hs, .stack-work/dist/x86_64-osx/Cabal-1.24.2.0/build/Codec/Encryption/Padding.o )

Codec/Encryption/Padding.hs:58:20: warning: [-Wdeprecations]
    In the use of ‘bitSize’ (imported from Data.Bits):
    Deprecated: "Use 'bitSizeMaybe' or 'finiteBitSize' instead"

Codec/Encryption/Padding.hs:68:1: warning: [-Wtabs]
    Tab character found here, and in three further locations.
    Please use spaces instead.

Codec/Encryption/Padding.hs:106:29: warning: [-Wdeprecations]
    In the use of ‘bitSize’ (imported from Data.Bits):
    Deprecated: "Use 'bitSizeMaybe' or 'finiteBitSize' instead"
[19 of 26] Compiling Codec.Encryption.Modes ( Codec/Encryption/Modes.hs, .stack-work/dist/x86_64-osx/Cabal-1.24.2.0/build/Codec/Encryption/Modes.o )

Codec/Encryption/Modes.hs:19:1: warning: [-Wtabs]
    Tab character found here.
    Please use spaces instead.
[20 of 26] Compiling Codec.Encryption.DESAux ( Codec/Encryption/DESAux.hs, .stack-work/dist/x86_64-osx/Cabal-1.24.2.0/build/Codec/Encryption/DESAux.o )

Codec/Encryption/DESAux.hs:21:10: warning: [-Wmissing-methods]
    • No explicit implementation for
        ‘+’, ‘*’, ‘abs’, ‘signum’, ‘fromInteger’, and (either ‘negate’
                                                              or
                                                              ‘-’)
    • In the instance declaration for ‘Num [Bool]’

Codec/Encryption/DESAux.hs:23:10: warning: [-Wmissing-methods]
    • No explicit implementation for
        ‘.&.’, ‘.|.’, ‘complement’,
        (either ‘shift’ or (‘shiftL’ and ‘shiftR’)), ‘bitSize’,
        ‘bitSizeMaybe’, ‘isSigned’, ‘testBit’, ‘bit’, and ‘popCount’
    • In the instance declaration for ‘Bits [Bool]’
[21 of 26] Compiling Codec.Encryption.DES ( Codec/Encryption/DES.hs, .stack-work/dist/x86_64-osx/Cabal-1.24.2.0/build/Codec/Encryption/DES.o )
[22 of 26] Compiling Codec.Encryption.BlowfishAux ( Codec/Encryption/BlowfishAux.hs, .stack-work/dist/x86_64-osx/Cabal-1.24.2.0/build/Codec/Encryption/BlowfishAux.o )
[23 of 26] Compiling Codec.Encryption.Blowfish ( Codec/Encryption/Blowfish.hs, .stack-work/dist/x86_64-osx/Cabal-1.24.2.0/build/Codec/Encryption/Blowfish.o )
[24 of 26] Compiling Codec.Encryption.AESAux ( Codec/Encryption/AESAux.hs, .stack-work/dist/x86_64-osx/Cabal-1.24.2.0/build/Codec/Encryption/AESAux.o )

Codec/Encryption/AESAux.hs:3:1: warning: [-Wtabs]
    Tab character found here, and in 399 further locations.
    Please use spaces instead.
[25 of 26] Compiling Codec.Encryption.AES ( Codec/Encryption/AES.hs, .stack-work/dist/x86_64-osx/Cabal-1.24.2.0/build/Codec/Encryption/AES.o )

Codec/Encryption/AES.hs:43:9: warning: [-Wdeprecations]
    In the use of ‘bitSize’ (imported from Data.Bits):
    Deprecated: "Use 'bitSizeMaybe' or 'finiteBitSize' instead"

Codec/Encryption/AES.hs:50:17: warning: [-Wdeprecations]
    In the use of ‘bitSize’ (imported from Data.Bits):
    Deprecated: "Use 'bitSizeMaybe' or 'finiteBitSize' instead"

Codec/Encryption/AES.hs:50:33: warning: [-Wdeprecations]
    In the use of ‘bitSize’ (imported from Data.Bits):
    Deprecated: "Use 'bitSizeMaybe' or 'finiteBitSize' instead"

Codec/Encryption/AES.hs:51:17: warning: [-Wdeprecations]
    In the use of ‘bitSize’ (imported from Data.Bits):
    Deprecated: "Use 'bitSizeMaybe' or 'finiteBitSize' instead"

Codec/Encryption/AES.hs:51:33: warning: [-Wdeprecations]
    In the use of ‘bitSize’ (imported from Data.Bits):
    Deprecated: "Use 'bitSizeMaybe' or 'finiteBitSize' instead"

Codec/Encryption/AES.hs:58:9: warning: [-Wdeprecations]
    In the use of ‘bitSize’ (imported from Data.Bits):
    Deprecated: "Use 'bitSizeMaybe' or 'finiteBitSize' instead"
[26 of 26] Compiling Codec.Binary.BubbleBabble ( Codec/Binary/BubbleBabble.hs, .stack-work/dist/x86_64-osx/Cabal-1.24.2.0/build/Codec/Binary/BubbleBabble.o )
Preprocessing executable 'SymmetricTest' for Crypto-4.2.5.1...
[ 1 of 11] Compiling Data.LargeWord   ( Data/LargeWord.hs, .stack-work/dist/x86_64-osx/Cabal-1.24.2.0/build/SymmetricTest/SymmetricTest-tmp/Data/LargeWord.o )

Data/LargeWord.hs:46:19: warning: [-Wdeprecations]
    In the use of ‘bitSize’ (imported from Data.Bits):
    Deprecated: "Use 'bitSizeMaybe' or 'finiteBitSize' instead"

Data/LargeWord.hs:58:19: warning: [-Wdeprecations]
    In the use of ‘bitSize’ (imported from Data.Bits):
    Deprecated: "Use 'bitSizeMaybe' or 'finiteBitSize' instead"

Data/LargeWord.hs:68:38: warning: [-Wdeprecations]
    In the use of ‘bitSize’ (imported from Data.Bits):
    Deprecated: "Use 'bitSizeMaybe' or 'finiteBitSize' instead"

Data/LargeWord.hs:70:39: warning: [-Wdeprecations]
    In the use of ‘bitSize’ (imported from Data.Bits):
    Deprecated: "Use 'bitSizeMaybe' or 'finiteBitSize' instead"

Data/LargeWord.hs:91:13: warning: [-Wdeprecations]
    In the use of ‘bitSize’ (imported from Data.Bits):
    Deprecated: "Use 'bitSizeMaybe' or 'finiteBitSize' instead"

Data/LargeWord.hs:91:26: warning: [-Wdeprecations]
    In the use of ‘bitSize’ (imported from Data.Bits):
    Deprecated: "Use 'bitSizeMaybe' or 'finiteBitSize' instead"

Data/LargeWord.hs:93:66: warning: [-Wdeprecations]
    In the use of ‘bitSize’ (imported from Data.Bits):
    Deprecated: "Use 'bitSizeMaybe' or 'finiteBitSize' instead"

Data/LargeWord.hs:95:66: warning: [-Wdeprecations]
    In the use of ‘bitSize’ (imported from Data.Bits):
    Deprecated: "Use 'bitSizeMaybe' or 'finiteBitSize' instead"

Data/LargeWord.hs:102:10: warning: [-Wmissing-methods]
    • No explicit implementation for
        ‘*’, ‘abs’, ‘signum’, and (either ‘negate’ or ‘-’)
    • In the instance declaration for ‘Num (LargeKey a b)’

Data/LargeWord.hs:109:10: warning: [-Wmissing-methods]
    • No explicit implementation for
        ‘complement’, (either ‘rotate’ or (‘rotateL’ and ‘rotateR’)),
        ‘bitSizeMaybe’, ‘isSigned’, ‘testBit’, ‘bit’, and ‘popCount’
    • In the instance declaration for ‘Bits (LargeKey a b)’

Data/LargeWord.hs:133:10: warning: [-Wmissing-methods]
    • No explicit implementation for
        ‘quotRem’
    • In the instance declaration for ‘Integral (LargeKey a b)’

Data/LargeWord.hs:137:10: warning: [-Wmissing-methods]
    • No explicit implementation for
        ‘toRational’
    • In the instance declaration for ‘Real (LargeKey a b)’

Data/LargeWord.hs:140:10: warning: [-Wmissing-methods]
    • No explicit implementation for
        ‘toEnum’ and ‘fromEnum’
    • In the instance declaration for ‘Enum (LargeKey a b)’
[ 2 of 11] Compiling Codec.Utils      ( Codec/Utils.hs, .stack-work/dist/x86_64-osx/Cabal-1.24.2.0/build/SymmetricTest/SymmetricTest-tmp/Codec/Utils.o )

Codec/Utils.hs:24:1: warning: [-Wtabs]
    Tab character found here, and in two further locations.
    Please use spaces instead.

Codec/Utils.hs:65:13: warning: [-Wdeprecations]
    In the use of ‘bitSize’ (imported from Data.Bits):
    Deprecated: "Use 'bitSizeMaybe' or 'finiteBitSize' instead"

Codec/Utils.hs:74:7: warning: [-Wdeprecations]
    In the use of ‘bitSize’ (imported from Data.Bits):
    Deprecated: "Use 'bitSizeMaybe' or 'finiteBitSize' instead"

Codec/Utils.hs:93:13: warning: [-Wdeprecations]
    In the use of ‘bitSize’ (imported from Data.Bits):
    Deprecated: "Use 'bitSizeMaybe' or 'finiteBitSize' instead"
[ 3 of 11] Compiling Codec.Encryption.Padding ( Codec/Encryption/Padding.hs, .stack-work/dist/x86_64-osx/Cabal-1.24.2.0/build/SymmetricTest/SymmetricTest-tmp/Codec/Encryption/Padding.o )

Codec/Encryption/Padding.hs:58:20: warning: [-Wdeprecations]
    In the use of ‘bitSize’ (imported from Data.Bits):
    Deprecated: "Use 'bitSizeMaybe' or 'finiteBitSize' instead"

Codec/Encryption/Padding.hs:68:1: warning: [-Wtabs]
    Tab character found here, and in three further locations.
    Please use spaces instead.

Codec/Encryption/Padding.hs:106:29: warning: [-Wdeprecations]
    In the use of ‘bitSize’ (imported from Data.Bits):
    Deprecated: "Use 'bitSizeMaybe' or 'finiteBitSize' instead"
[ 4 of 11] Compiling Codec.Encryption.Modes ( Codec/Encryption/Modes.hs, .stack-work/dist/x86_64-osx/Cabal-1.24.2.0/build/SymmetricTest/SymmetricTest-tmp/Codec/Encryption/Modes.o )

Codec/Encryption/Modes.hs:19:1: warning: [-Wtabs]
    Tab character found here.
    Please use spaces instead.
[ 5 of 11] Compiling Codec.Encryption.DESAux ( Codec/Encryption/DESAux.hs, .stack-work/dist/x86_64-osx/Cabal-1.24.2.0/build/SymmetricTest/SymmetricTest-tmp/Codec/Encryption/DESAux.o )

Codec/Encryption/DESAux.hs:21:10: warning: [-Wmissing-methods]
    • No explicit implementation for
        ‘+’, ‘*’, ‘abs’, ‘signum’, ‘fromInteger’, and (either ‘negate’
                                                              or
                                                              ‘-’)
    • In the instance declaration for ‘Num [Bool]’

Codec/Encryption/DESAux.hs:23:10: warning: [-Wmissing-methods]
    • No explicit implementation for
        ‘.&.’, ‘.|.’, ‘complement’,
        (either ‘shift’ or (‘shiftL’ and ‘shiftR’)), ‘bitSize’,
        ‘bitSizeMaybe’, ‘isSigned’, ‘testBit’, ‘bit’, and ‘popCount’
    • In the instance declaration for ‘Bits [Bool]’
[ 6 of 11] Compiling Codec.Encryption.DES ( Codec/Encryption/DES.hs, .stack-work/dist/x86_64-osx/Cabal-1.24.2.0/build/SymmetricTest/SymmetricTest-tmp/Codec/Encryption/DES.o )
[ 7 of 11] Compiling Codec.Encryption.BlowfishAux ( Codec/Encryption/BlowfishAux.hs, .stack-work/dist/x86_64-osx/Cabal-1.24.2.0/build/SymmetricTest/SymmetricTest-tmp/Codec/Encryption/BlowfishAux.o )
[ 8 of 11] Compiling Codec.Encryption.Blowfish ( Codec/Encryption/Blowfish.hs, .stack-work/dist/x86_64-osx/Cabal-1.24.2.0/build/SymmetricTest/SymmetricTest-tmp/Codec/Encryption/Blowfish.o )
[ 9 of 11] Compiling Codec.Encryption.AESAux ( Codec/Encryption/AESAux.hs, .stack-work/dist/x86_64-osx/Cabal-1.24.2.0/build/SymmetricTest/SymmetricTest-tmp/Codec/Encryption/AESAux.o )

Codec/Encryption/AESAux.hs:3:1: warning: [-Wtabs]
    Tab character found here, and in 399 further locations.
    Please use spaces instead.
[10 of 11] Compiling Codec.Encryption.AES ( Codec/Encryption/AES.hs, .stack-work/dist/x86_64-osx/Cabal-1.24.2.0/build/SymmetricTest/SymmetricTest-tmp/Codec/Encryption/AES.o )

Codec/Encryption/AES.hs:43:9: warning: [-Wdeprecations]
    In the use of ‘bitSize’ (imported from Data.Bits):
    Deprecated: "Use 'bitSizeMaybe' or 'finiteBitSize' instead"

Codec/Encryption/AES.hs:50:17: warning: [-Wdeprecations]
    In the use of ‘bitSize’ (imported from Data.Bits):
    Deprecated: "Use 'bitSizeMaybe' or 'finiteBitSize' instead"

Codec/Encryption/AES.hs:50:33: warning: [-Wdeprecations]
    In the use of ‘bitSize’ (imported from Data.Bits):
    Deprecated: "Use 'bitSizeMaybe' or 'finiteBitSize' instead"

Codec/Encryption/AES.hs:51:17: warning: [-Wdeprecations]
    In the use of ‘bitSize’ (imported from Data.Bits):
    Deprecated: "Use 'bitSizeMaybe' or 'finiteBitSize' instead"

Codec/Encryption/AES.hs:51:33: warning: [-Wdeprecations]
    In the use of ‘bitSize’ (imported from Data.Bits):
    Deprecated: "Use 'bitSizeMaybe' or 'finiteBitSize' instead"

Codec/Encryption/AES.hs:58:9: warning: [-Wdeprecations]
    In the use of ‘bitSize’ (imported from Data.Bits):
    Deprecated: "Use 'bitSizeMaybe' or 'finiteBitSize' instead"
[11 of 11] Compiling Main             ( SymmetricTest.hs, .stack-work/dist/x86_64-osx/Cabal-1.24.2.0/build/SymmetricTest/SymmetricTest-tmp/Main.o )
Linking .stack-work/dist/x86_64-osx/Cabal-1.24.2.0/build/SymmetricTest/SymmetricTest ...
Preprocessing executable 'SHA1Test' for Crypto-4.2.5.1...
[1 of 4] Compiling Codec.Utils      ( Codec/Utils.hs, .stack-work/dist/x86_64-osx/Cabal-1.24.2.0/build/SHA1Test/SHA1Test-tmp/Codec/Utils.o )

Codec/Utils.hs:24:1: warning: [-Wtabs]
    Tab character found here, and in two further locations.
    Please use spaces instead.

Codec/Utils.hs:65:13: warning: [-Wdeprecations]
    In the use of ‘bitSize’ (imported from Data.Bits):
    Deprecated: "Use 'bitSizeMaybe' or 'finiteBitSize' instead"

Codec/Utils.hs:74:7: warning: [-Wdeprecations]
    In the use of ‘bitSize’ (imported from Data.Bits):
    Deprecated: "Use 'bitSizeMaybe' or 'finiteBitSize' instead"

Codec/Utils.hs:93:13: warning: [-Wdeprecations]
    In the use of ‘bitSize’ (imported from Data.Bits):
    Deprecated: "Use 'bitSizeMaybe' or 'finiteBitSize' instead"
[2 of 4] Compiling Data.Digest.SHA1 ( Data/Digest/SHA1.hs, .stack-work/dist/x86_64-osx/Cabal-1.24.2.0/build/SHA1Test/SHA1Test-tmp/Data/Digest/SHA1.o )
[3 of 4] Compiling Codec.Text.Raw   ( Codec/Text/Raw.hs, .stack-work/dist/x86_64-osx/Cabal-1.24.2.0/build/SHA1Test/SHA1Test-tmp/Codec/Text/Raw.o )
[4 of 4] Compiling Main             ( SHA1Test.hs, .stack-work/dist/x86_64-osx/Cabal-1.24.2.0/build/SHA1Test/SHA1Test-tmp/Main.o )
Linking .stack-work/dist/x86_64-osx/Cabal-1.24.2.0/build/SHA1Test/SHA1Test ...
Preprocessing executable 'RSATest' for Crypto-4.2.5.1...
[1 of 7] Compiling Codec.Utils      ( Codec/Utils.hs, .stack-work/dist/x86_64-osx/Cabal-1.24.2.0/build/RSATest/RSATest-tmp/Codec/Utils.o )

Codec/Utils.hs:24:1: warning: [-Wtabs]
    Tab character found here, and in two further locations.
    Please use spaces instead.

Codec/Utils.hs:65:13: warning: [-Wdeprecations]
    In the use of ‘bitSize’ (imported from Data.Bits):
    Deprecated: "Use 'bitSizeMaybe' or 'finiteBitSize' instead"

Codec/Utils.hs:74:7: warning: [-Wdeprecations]
    In the use of ‘bitSize’ (imported from Data.Bits):
    Deprecated: "Use 'bitSizeMaybe' or 'finiteBitSize' instead"

Codec/Utils.hs:93:13: warning: [-Wdeprecations]
    In the use of ‘bitSize’ (imported from Data.Bits):
    Deprecated: "Use 'bitSizeMaybe' or 'finiteBitSize' instead"
[2 of 7] Compiling Data.Digest.SHA1 ( Data/Digest/SHA1.hs, .stack-work/dist/x86_64-osx/Cabal-1.24.2.0/build/RSATest/RSATest-tmp/Data/Digest/SHA1.o )
[3 of 7] Compiling Codec.Encryption.RSA.NumberTheory ( Codec/Encryption/RSA/NumberTheory.hs, .stack-work/dist/x86_64-osx/Cabal-1.24.2.0/build/RSATest/RSATest-tmp/Codec/Encryption/RSA/NumberTheory.o )

Codec/Encryption/RSA/NumberTheory.hs:57:1: warning: [-Wtabs]
    Tab character found here, and in one further location.
    Please use spaces instead.
[4 of 7] Compiling Codec.Encryption.RSA.MGF ( Codec/Encryption/RSA/MGF.hs, .stack-work/dist/x86_64-osx/Cabal-1.24.2.0/build/RSATest/RSATest-tmp/Codec/Encryption/RSA/MGF.o )

Codec/Encryption/RSA/MGF.hs:32:1: warning: [-Wtabs]
    Tab character found here.
    Please use spaces instead.
[5 of 7] Compiling Codec.Encryption.RSA.EMEOAEP ( Codec/Encryption/RSA/EMEOAEP.hs, .stack-work/dist/x86_64-osx/Cabal-1.24.2.0/build/RSATest/RSATest-tmp/Codec/Encryption/RSA/EMEOAEP.o )

Codec/Encryption/RSA/EMEOAEP.hs:52:1: warning: [-Wtabs]
    Tab character found here, and in three further locations.
    Please use spaces instead.
[6 of 7] Compiling Codec.Encryption.RSA ( Codec/Encryption/RSA.hs, .stack-work/dist/x86_64-osx/Cabal-1.24.2.0/build/RSATest/RSATest-tmp/Codec/Encryption/RSA.o )
[7 of 7] Compiling Main             ( RSATest.hs, .stack-work/dist/x86_64-osx/Cabal-1.24.2.0/build/RSATest/RSATest-tmp/Main.o )
Linking .stack-work/dist/x86_64-osx/Cabal-1.24.2.0/build/RSATest/RSATest ...
Preprocessing executable 'QuickTest' for Crypto-4.2.5.1...
[1 of 9] Compiling Data.LargeWord   ( Data/LargeWord.hs, .stack-work/dist/x86_64-osx/Cabal-1.24.2.0/build/QuickTest/QuickTest-tmp/Data/LargeWord.o )

Data/LargeWord.hs:46:19: warning: [-Wdeprecations]
    In the use of ‘bitSize’ (imported from Data.Bits):
    Deprecated: "Use 'bitSizeMaybe' or 'finiteBitSize' instead"

Data/LargeWord.hs:58:19: warning: [-Wdeprecations]
    In the use of ‘bitSize’ (imported from Data.Bits):
    Deprecated: "Use 'bitSizeMaybe' or 'finiteBitSize' instead"

Data/LargeWord.hs:68:38: warning: [-Wdeprecations]
    In the use of ‘bitSize’ (imported from Data.Bits):
    Deprecated: "Use 'bitSizeMaybe' or 'finiteBitSize' instead"

Data/LargeWord.hs:70:39: warning: [-Wdeprecations]
    In the use of ‘bitSize’ (imported from Data.Bits):
    Deprecated: "Use 'bitSizeMaybe' or 'finiteBitSize' instead"

Data/LargeWord.hs:91:13: warning: [-Wdeprecations]
    In the use of ‘bitSize’ (imported from Data.Bits):
    Deprecated: "Use 'bitSizeMaybe' or 'finiteBitSize' instead"

Data/LargeWord.hs:91:26: warning: [-Wdeprecations]
    In the use of ‘bitSize’ (imported from Data.Bits):
    Deprecated: "Use 'bitSizeMaybe' or 'finiteBitSize' instead"

Data/LargeWord.hs:93:66: warning: [-Wdeprecations]
    In the use of ‘bitSize’ (imported from Data.Bits):
    Deprecated: "Use 'bitSizeMaybe' or 'finiteBitSize' instead"

Data/LargeWord.hs:95:66: warning: [-Wdeprecations]
    In the use of ‘bitSize’ (imported from Data.Bits):
    Deprecated: "Use 'bitSizeMaybe' or 'finiteBitSize' instead"

Data/LargeWord.hs:102:10: warning: [-Wmissing-methods]
    • No explicit implementation for
        ‘*’, ‘abs’, ‘signum’, and (either ‘negate’ or ‘-’)
    • In the instance declaration for ‘Num (LargeKey a b)’

Data/LargeWord.hs:109:10: warning: [-Wmissing-methods]
    • No explicit implementation for
        ‘complement’, (either ‘rotate’ or (‘rotateL’ and ‘rotateR’)),
        ‘bitSizeMaybe’, ‘isSigned’, ‘testBit’, ‘bit’, and ‘popCount’
    • In the instance declaration for ‘Bits (LargeKey a b)’

Data/LargeWord.hs:133:10: warning: [-Wmissing-methods]
    • No explicit implementation for
        ‘quotRem’
    • In the instance declaration for ‘Integral (LargeKey a b)’

Data/LargeWord.hs:137:10: warning: [-Wmissing-methods]
    • No explicit implementation for
        ‘toRational’
    • In the instance declaration for ‘Real (LargeKey a b)’

Data/LargeWord.hs:140:10: warning: [-Wmissing-methods]
    • No explicit implementation for
        ‘toEnum’ and ‘fromEnum’
    • In the instance declaration for ‘Enum (LargeKey a b)’
[2 of 9] Compiling Codec.Utils      ( Codec/Utils.hs, .stack-work/dist/x86_64-osx/Cabal-1.24.2.0/build/QuickTest/QuickTest-tmp/Codec/Utils.o )

Codec/Utils.hs:24:1: warning: [-Wtabs]
    Tab character found here, and in two further locations.
    Please use spaces instead.

Codec/Utils.hs:65:13: warning: [-Wdeprecations]
    In the use of ‘bitSize’ (imported from Data.Bits):
    Deprecated: "Use 'bitSizeMaybe' or 'finiteBitSize' instead"

Codec/Utils.hs:74:7: warning: [-Wdeprecations]
    In the use of ‘bitSize’ (imported from Data.Bits):
    Deprecated: "Use 'bitSizeMaybe' or 'finiteBitSize' instead"

Codec/Utils.hs:93:13: warning: [-Wdeprecations]
    In the use of ‘bitSize’ (imported from Data.Bits):
    Deprecated: "Use 'bitSizeMaybe' or 'finiteBitSize' instead"
[3 of 9] Compiling Codec.Encryption.Padding ( Codec/Encryption/Padding.hs, .stack-work/dist/x86_64-osx/Cabal-1.24.2.0/build/QuickTest/QuickTest-tmp/Codec/Encryption/Padding.o )

Codec/Encryption/Padding.hs:58:20: warning: [-Wdeprecations]
    In the use of ‘bitSize’ (imported from Data.Bits):
    Deprecated: "Use 'bitSizeMaybe' or 'finiteBitSize' instead"

Codec/Encryption/Padding.hs:68:1: warning: [-Wtabs]
    Tab character found here, and in three further locations.
    Please use spaces instead.

Codec/Encryption/Padding.hs:106:29: warning: [-Wdeprecations]
    In the use of ‘bitSize’ (imported from Data.Bits):
    Deprecated: "Use 'bitSizeMaybe' or 'finiteBitSize' instead"
[4 of 9] Compiling Codec.Encryption.Modes ( Codec/Encryption/Modes.hs, .stack-work/dist/x86_64-osx/Cabal-1.24.2.0/build/QuickTest/QuickTest-tmp/Codec/Encryption/Modes.o )

Codec/Encryption/Modes.hs:19:1: warning: [-Wtabs]
    Tab character found here.
    Please use spaces instead.
[5 of 9] Compiling Codec.Encryption.BlowfishAux ( Codec/Encryption/BlowfishAux.hs, .stack-work/dist/x86_64-osx/Cabal-1.24.2.0/build/QuickTest/QuickTest-tmp/Codec/Encryption/BlowfishAux.o )
[6 of 9] Compiling Codec.Encryption.Blowfish ( Codec/Encryption/Blowfish.hs, .stack-work/dist/x86_64-osx/Cabal-1.24.2.0/build/QuickTest/QuickTest-tmp/Codec/Encryption/Blowfish.o )
[7 of 9] Compiling Codec.Encryption.AESAux ( Codec/Encryption/AESAux.hs, .stack-work/dist/x86_64-osx/Cabal-1.24.2.0/build/QuickTest/QuickTest-tmp/Codec/Encryption/AESAux.o )

Codec/Encryption/AESAux.hs:3:1: warning: [-Wtabs]
    Tab character found here, and in 399 further locations.
    Please use spaces instead.
[8 of 9] Compiling Codec.Encryption.AES ( Codec/Encryption/AES.hs, .stack-work/dist/x86_64-osx/Cabal-1.24.2.0/build/QuickTest/QuickTest-tmp/Codec/Encryption/AES.o )

Codec/Encryption/AES.hs:43:9: warning: [-Wdeprecations]
    In the use of ‘bitSize’ (imported from Data.Bits):
    Deprecated: "Use 'bitSizeMaybe' or 'finiteBitSize' instead"

Codec/Encryption/AES.hs:50:17: warning: [-Wdeprecations]
    In the use of ‘bitSize’ (imported from Data.Bits):
    Deprecated: "Use 'bitSizeMaybe' or 'finiteBitSize' instead"

Codec/Encryption/AES.hs:50:33: warning: [-Wdeprecations]
    In the use of ‘bitSize’ (imported from Data.Bits):
    Deprecated: "Use 'bitSizeMaybe' or 'finiteBitSize' instead"

Codec/Encryption/AES.hs:51:17: warning: [-Wdeprecations]
    In the use of ‘bitSize’ (imported from Data.Bits):
    Deprecated: "Use 'bitSizeMaybe' or 'finiteBitSize' instead"

Codec/Encryption/AES.hs:51:33: warning: [-Wdeprecations]
    In the use of ‘bitSize’ (imported from Data.Bits):
    Deprecated: "Use 'bitSizeMaybe' or 'finiteBitSize' instead"

Codec/Encryption/AES.hs:58:9: warning: [-Wdeprecations]
    In the use of ‘bitSize’ (imported from Data.Bits):
    Deprecated: "Use 'bitSizeMaybe' or 'finiteBitSize' instead"
[9 of 9] Compiling Main             ( QuickTest.hs, .stack-work/dist/x86_64-osx/Cabal-1.24.2.0/build/QuickTest/QuickTest-tmp/Main.o )
Linking .stack-work/dist/x86_64-osx/Cabal-1.24.2.0/build/QuickTest/QuickTest ...
Preprocessing executable 'HMACTest' for Crypto-4.2.5.1...
[1 of 6] Compiling Data.Digest.MD5Aux ( Data/Digest/MD5Aux.hs, .stack-work/dist/x86_64-osx/Cabal-1.24.2.0/build/HMACTest/HMACTest-tmp/Data/Digest/MD5Aux.o )

Data/Digest/MD5Aux.hs:107:10: warning: [-Wmissing-methods]
    • No explicit implementation for
        ‘*’, ‘abs’, ‘signum’, ‘fromInteger’, and (either ‘negate’ or ‘-’)
    • In the instance declaration for ‘Num ABCD’
[2 of 6] Compiling Codec.Utils      ( Codec/Utils.hs, .stack-work/dist/x86_64-osx/Cabal-1.24.2.0/build/HMACTest/HMACTest-tmp/Codec/Utils.o )

Codec/Utils.hs:24:1: warning: [-Wtabs]
    Tab character found here, and in two further locations.
    Please use spaces instead.

Codec/Utils.hs:65:13: warning: [-Wdeprecations]
    In the use of ‘bitSize’ (imported from Data.Bits):
    Deprecated: "Use 'bitSizeMaybe' or 'finiteBitSize' instead"

Codec/Utils.hs:74:7: warning: [-Wdeprecations]
    In the use of ‘bitSize’ (imported from Data.Bits):
    Deprecated: "Use 'bitSizeMaybe' or 'finiteBitSize' instead"

Codec/Utils.hs:93:13: warning: [-Wdeprecations]
    In the use of ‘bitSize’ (imported from Data.Bits):
    Deprecated: "Use 'bitSizeMaybe' or 'finiteBitSize' instead"
[3 of 6] Compiling Data.Digest.MD5  ( Data/Digest/MD5.hs, .stack-work/dist/x86_64-osx/Cabal-1.24.2.0/build/HMACTest/HMACTest-tmp/Data/Digest/MD5.o )

Data/Digest/MD5.hs:41:1: warning: [-Wtabs]
    Tab character found here.
    Please use spaces instead.
[4 of 6] Compiling Data.Digest.SHA1 ( Data/Digest/SHA1.hs, .stack-work/dist/x86_64-osx/Cabal-1.24.2.0/build/HMACTest/HMACTest-tmp/Data/Digest/SHA1.o )
[5 of 6] Compiling Data.HMAC        ( Data/HMAC.hs, .stack-work/dist/x86_64-osx/Cabal-1.24.2.0/build/HMACTest/HMACTest-tmp/Data/HMAC.o )

Data/HMAC.hs:108:45: warning: [-Wdeprecations]
    In the use of ‘bitSize’ (imported from Data.Bits):
    Deprecated: "Use 'bitSizeMaybe' or 'finiteBitSize' instead"

Data/HMAC.hs:118:28: warning: [-Wdeprecations]
    In the use of ‘bitSize’ (imported from Data.Bits):
    Deprecated: "Use 'bitSizeMaybe' or 'finiteBitSize' instead"
[6 of 6] Compiling Main             ( HMACTest.hs, .stack-work/dist/x86_64-osx/Cabal-1.24.2.0/build/HMACTest/HMACTest-tmp/Main.o )
Linking .stack-work/dist/x86_64-osx/Cabal-1.24.2.0/build/HMACTest/HMACTest ...
Preprocessing executable 'WordListTest' for Crypto-4.2.5.1...

WordListTest.hs:1:35: warning:
    -XPatternSignatures is deprecated: use -XScopedTypeVariables or pragma {-# LANGUAGE ScopedTypeVariables #-} instead
[1 of 3] Compiling Data.LargeWord   ( Data/LargeWord.hs, .stack-work/dist/x86_64-osx/Cabal-1.24.2.0/build/WordListTest/WordListTest-tmp/Data/LargeWord.o )

Data/LargeWord.hs:46:19: warning: [-Wdeprecations]
    In the use of ‘bitSize’ (imported from Data.Bits):
    Deprecated: "Use 'bitSizeMaybe' or 'finiteBitSize' instead"

Data/LargeWord.hs:58:19: warning: [-Wdeprecations]
    In the use of ‘bitSize’ (imported from Data.Bits):
    Deprecated: "Use 'bitSizeMaybe' or 'finiteBitSize' instead"

Data/LargeWord.hs:68:38: warning: [-Wdeprecations]
    In the use of ‘bitSize’ (imported from Data.Bits):
    Deprecated: "Use 'bitSizeMaybe' or 'finiteBitSize' instead"

Data/LargeWord.hs:70:39: warning: [-Wdeprecations]
    In the use of ‘bitSize’ (imported from Data.Bits):
    Deprecated: "Use 'bitSizeMaybe' or 'finiteBitSize' instead"

Data/LargeWord.hs:91:13: warning: [-Wdeprecations]
    In the use of ‘bitSize’ (imported from Data.Bits):
    Deprecated: "Use 'bitSizeMaybe' or 'finiteBitSize' instead"

Data/LargeWord.hs:91:26: warning: [-Wdeprecations]
    In the use of ‘bitSize’ (imported from Data.Bits):
    Deprecated: "Use 'bitSizeMaybe' or 'finiteBitSize' instead"

Data/LargeWord.hs:93:66: warning: [-Wdeprecations]
    In the use of ‘bitSize’ (imported from Data.Bits):
    Deprecated: "Use 'bitSizeMaybe' or 'finiteBitSize' instead"

Data/LargeWord.hs:95:66: warning: [-Wdeprecations]
    In the use of ‘bitSize’ (imported from Data.Bits):
    Deprecated: "Use 'bitSizeMaybe' or 'finiteBitSize' instead"

Data/LargeWord.hs:102:10: warning: [-Wmissing-methods]
    • No explicit implementation for
        ‘*’, ‘abs’, ‘signum’, and (either ‘negate’ or ‘-’)
    • In the instance declaration for ‘Num (LargeKey a b)’

Data/LargeWord.hs:109:10: warning: [-Wmissing-methods]
    • No explicit implementation for
        ‘complement’, (either ‘rotate’ or (‘rotateL’ and ‘rotateR’)),
        ‘bitSizeMaybe’, ‘isSigned’, ‘testBit’, ‘bit’, and ‘popCount’
    • In the instance declaration for ‘Bits (LargeKey a b)’

Data/LargeWord.hs:133:10: warning: [-Wmissing-methods]
    • No explicit implementation for
        ‘quotRem’
    • In the instance declaration for ‘Integral (LargeKey a b)’

Data/LargeWord.hs:137:10: warning: [-Wmissing-methods]
    • No explicit implementation for
        ‘toRational’
    • In the instance declaration for ‘Real (LargeKey a b)’

Data/LargeWord.hs:140:10: warning: [-Wmissing-methods]
    • No explicit implementation for
        ‘toEnum’ and ‘fromEnum’
    • In the instance declaration for ‘Enum (LargeKey a b)’
[2 of 3] Compiling Codec.Utils      ( Codec/Utils.hs, .stack-work/dist/x86_64-osx/Cabal-1.24.2.0/build/WordListTest/WordListTest-tmp/Codec/Utils.o )

Codec/Utils.hs:24:1: warning: [-Wtabs]
    Tab character found here, and in two further locations.
    Please use spaces instead.

Codec/Utils.hs:65:13: warning: [-Wdeprecations]
    In the use of ‘bitSize’ (imported from Data.Bits):
    Deprecated: "Use 'bitSizeMaybe' or 'finiteBitSize' instead"

Codec/Utils.hs:74:7: warning: [-Wdeprecations]
    In the use of ‘bitSize’ (imported from Data.Bits):
    Deprecated: "Use 'bitSizeMaybe' or 'finiteBitSize' instead"

Codec/Utils.hs:93:13: warning: [-Wdeprecations]
    In the use of ‘bitSize’ (imported from Data.Bits):
    Deprecated: "Use 'bitSizeMaybe' or 'finiteBitSize' instead"
[3 of 3] Compiling Main             ( WordListTest.hs, .stack-work/dist/x86_64-osx/Cabal-1.24.2.0/build/WordListTest/WordListTest-tmp/Main.o )

WordListTest.hs:1:35: warning:
    -XPatternSignatures is deprecated: use -XScopedTypeVariables or pragma {-# LANGUAGE ScopedTypeVariables #-} instead
Linking .stack-work/dist/x86_64-osx/Cabal-1.24.2.0/build/WordListTest/WordListTest ...
Installing library in
/Users/tony/Documents/_LEARNINGS/HASKELL/crypto/.stack-work/install/x86_64-osx/lts-9.11/8.0.2/lib/x86_64-osx-ghc-8.0.2/Crypto-4.2.5.1-LSWZExnQUsZBf2WV2K08pl
Installing executable(s) in
/Users/tony/Documents/_LEARNINGS/HASKELL/crypto/.stack-work/install/x86_64-osx/lts-9.11/8.0.2/bin
Registering Crypto-4.2.5.1...
